{
  "stats": {
    "suites": 1,
    "tests": 5,
    "passes": 0,
    "pending": 0,
    "failures": 5,
    "start": "2023-11-11T17:58:48.633Z",
    "end": "2023-11-11T17:59:07.975Z",
    "duration": 19342,
    "testsRegistered": 5,
    "passPercent": 0,
    "pendingPercent": 0,
    "other": 0,
    "hasOther": false,
    "skipped": 0,
    "hasSkipped": false
  },
  "results": [
    {
      "uuid": "5dd18681-5fff-48b4-90b8-99fec6759b64",
      "title": "",
      "fullFile": "cypress\\e2e\\searchListTest.cy.js",
      "file": "cypress\\e2e\\searchListTest.cy.js",
      "beforeHooks": [],
      "afterHooks": [],
      "tests": [],
      "suites": [
        {
          "uuid": "80e2b6fd-1644-43ab-80c8-f0d5137b6367",
          "title": "Product Search",
          "fullFile": "",
          "file": "",
          "beforeHooks": [],
          "afterHooks": [],
          "tests": [
            {
              "title": "Product Ingrid Running Jacket should be return correctly",
              "fullTitle": "Product Search Product Ingrid Running Jacket should be return correctly",
              "timedOut": null,
              "duration": 5080,
              "state": "failed",
              "speed": null,
              "pass": false,
              "fail": true,
              "pending": false,
              "context": null,
              "code": "_pages.homePage.searchMagnifier();\n_pages.productSearchPage.search(item.label);\n_pages.productSearchPage.productList.first().should('have.attr', 'title', item.label);\n_pages.productSearchPage.productList.each(e => {\n  expect(e.attr('tittle')).eq(item.label);\n});",
              "err": {
                "message": "TypeError: _pages.productSearchPage.productList.first is not a function",
                "estack": "TypeError: _pages.productSearchPage.productList.first is not a function\n    at Context.eval (webpack:///./cypress/e2e/searchListTest.cy.js:33:36)",
                "diff": null
              },
              "uuid": "cdf688bd-85c7-4baa-b7cb-c9a66447e475",
              "parentUUID": "80e2b6fd-1644-43ab-80c8-f0d5137b6367",
              "isHook": false,
              "skipped": false
            },
            {
              "title": "Product Augusta Pullover Jacket should be return correctly",
              "fullTitle": "Product Search Product Augusta Pullover Jacket should be return correctly",
              "timedOut": null,
              "duration": 3377,
              "state": "failed",
              "speed": null,
              "pass": false,
              "fail": true,
              "pending": false,
              "context": null,
              "code": "_pages.homePage.searchMagnifier();\n_pages.productSearchPage.search(item.label);\n_pages.productSearchPage.productList.first().should('have.attr', 'title', item.label);\n_pages.productSearchPage.productList.each(e => {\n  expect(e.attr('tittle')).eq(item.label);\n});",
              "err": {
                "message": "TypeError: _pages.productSearchPage.productList.first is not a function",
                "estack": "TypeError: _pages.productSearchPage.productList.first is not a function\n    at Context.eval (webpack:///./cypress/e2e/searchListTest.cy.js:33:36)",
                "diff": null
              },
              "uuid": "ae43e332-f7c0-49bd-8aa4-e8a78cf86004",
              "parentUUID": "80e2b6fd-1644-43ab-80c8-f0d5137b6367",
              "isHook": false,
              "skipped": false
            },
            {
              "title": "Product Josie Yoga Jacket should be return correctly",
              "fullTitle": "Product Search Product Josie Yoga Jacket should be return correctly",
              "timedOut": null,
              "duration": 3231,
              "state": "failed",
              "speed": null,
              "pass": false,
              "fail": true,
              "pending": false,
              "context": null,
              "code": "_pages.homePage.searchMagnifier();\n_pages.productSearchPage.search(item.label);\n_pages.productSearchPage.productList.first().should('have.attr', 'title', item.label);\n_pages.productSearchPage.productList.each(e => {\n  expect(e.attr('tittle')).eq(item.label);\n});",
              "err": {
                "message": "TypeError: _pages.productSearchPage.productList.first is not a function",
                "estack": "TypeError: _pages.productSearchPage.productList.first is not a function\n    at Context.eval (webpack:///./cypress/e2e/searchListTest.cy.js:33:36)",
                "diff": null
              },
              "uuid": "2e783ca0-3502-42c4-889e-0b42c7fc61c7",
              "parentUUID": "80e2b6fd-1644-43ab-80c8-f0d5137b6367",
              "isHook": false,
              "skipped": false
            },
            {
              "title": "Product Stellar Solar Jacket should be return correctly",
              "fullTitle": "Product Search Product Stellar Solar Jacket should be return correctly",
              "timedOut": null,
              "duration": 3806,
              "state": "failed",
              "speed": null,
              "pass": false,
              "fail": true,
              "pending": false,
              "context": null,
              "code": "_pages.homePage.searchMagnifier();\n_pages.productSearchPage.search(item.label);\n_pages.productSearchPage.productList.first().should('have.attr', 'title', item.label);\n_pages.productSearchPage.productList.each(e => {\n  expect(e.attr('tittle')).eq(item.label);\n});",
              "err": {
                "message": "TypeError: _pages.productSearchPage.productList.first is not a function",
                "estack": "TypeError: _pages.productSearchPage.productList.first is not a function\n    at Context.eval (webpack:///./cypress/e2e/searchListTest.cy.js:33:36)",
                "diff": null
              },
              "uuid": "9b4cafeb-d226-4a79-b8ff-adfda004cdc9",
              "parentUUID": "80e2b6fd-1644-43ab-80c8-f0d5137b6367",
              "isHook": false,
              "skipped": false
            },
            {
              "title": "Product Typhon Performance Fleece-lined Jacket should be return correctly",
              "fullTitle": "Product Search Product Typhon Performance Fleece-lined Jacket should be return correctly",
              "timedOut": null,
              "duration": 2878,
              "state": "failed",
              "speed": null,
              "pass": false,
              "fail": true,
              "pending": false,
              "context": null,
              "code": "_pages.homePage.searchMagnifier();\n_pages.productSearchPage.search(item.label);\n_pages.productSearchPage.productList.first().should('have.attr', 'title', item.label);\n_pages.productSearchPage.productList.each(e => {\n  expect(e.attr('tittle')).eq(item.label);\n});",
              "err": {
                "message": "TypeError: _pages.productSearchPage.productList.first is not a function",
                "estack": "TypeError: _pages.productSearchPage.productList.first is not a function\n    at Context.eval (webpack:///./cypress/e2e/searchListTest.cy.js:33:36)",
                "diff": null
              },
              "uuid": "638c43c4-ffba-4fd9-a6a3-b8e63567eece",
              "parentUUID": "80e2b6fd-1644-43ab-80c8-f0d5137b6367",
              "isHook": false,
              "skipped": false
            }
          ],
          "suites": [],
          "passes": [],
          "failures": [
            "cdf688bd-85c7-4baa-b7cb-c9a66447e475",
            "ae43e332-f7c0-49bd-8aa4-e8a78cf86004",
            "2e783ca0-3502-42c4-889e-0b42c7fc61c7",
            "9b4cafeb-d226-4a79-b8ff-adfda004cdc9",
            "638c43c4-ffba-4fd9-a6a3-b8e63567eece"
          ],
          "pending": [],
          "skipped": [],
          "duration": 18372,
          "root": false,
          "rootEmpty": false,
          "_timeout": 2000
        }
      ],
      "passes": [],
      "failures": [],
      "pending": [],
      "skipped": [],
      "duration": 0,
      "root": true,
      "rootEmpty": true,
      "_timeout": 2000
    }
  ],
  "meta": {
    "mocha": {
      "version": "7.0.1"
    },
    "mochawesome": {
      "options": {
        "quiet": false,
        "reportFilename": "mochawesome",
        "saveHtml": false,
        "saveJson": true,
        "consoleReporter": "spec",
        "useInlineDiffs": false,
        "code": true
      },
      "version": "7.1.3"
    },
    "marge": {
      "options": {
        "reportDir": "cypress/results",
        "overwrite": false,
        "html": false,
        "json": true
      },
      "version": "6.2.0"
    }
  }
}