{
  "stats": {
    "suites": 1,
    "tests": 1,
    "passes": 0,
    "pending": 0,
    "failures": 1,
    "start": "2023-11-11T17:58:07.220Z",
    "end": "2023-11-11T17:58:43.106Z",
    "duration": 35886,
    "testsRegistered": 1,
    "passPercent": 0,
    "pendingPercent": 0,
    "other": 0,
    "hasOther": false,
    "skipped": 0,
    "hasSkipped": false
  },
  "results": [
    {
      "uuid": "a3372b21-be00-4385-8d05-94111fbd7373",
      "title": "",
      "fullFile": "cypress\\e2e\\productsListTest.cy.js",
      "file": "cypress\\e2e\\productsListTest.cy.js",
      "beforeHooks": [],
      "afterHooks": [],
      "tests": [],
      "suites": [
        {
          "uuid": "a3188ee6-7ce5-43a0-b19e-d6fbc9800163",
          "title": "Product List",
          "fullFile": "",
          "file": "",
          "beforeHooks": [],
          "afterHooks": [],
          "tests": [
            {
              "title": "Validate product detail link",
              "fullTitle": "Product List Validate product detail link",
              "timedOut": null,
              "duration": 35472,
              "state": "failed",
              "speed": null,
              "pass": false,
              "fail": true,
              "pending": false,
              "context": null,
              "code": "_index.productsPage.productList.each(product => {\n  let productDetailsLink = product.attr('href');\n  let productTitle = product.attr('title');\n  cy.visit(productDetailsLink).then(() => {\n    _index.productDetailsPage.breadcrumbProduct.should('include.text', productTitle);\n    _index.productDetailsPage.productTitle.invoke('text').then(text => {\n      // forma de captura o elemento do titulo do produto \n      expect(text).to.be.equal(productTitle);\n    });\n    _index.productDetailsPage.variations.find('[for]').should('have.length', 2).and('be.visible');\n  });\n});",
              "err": {
                "message": "AssertionError: Timed out retrying after 4000ms: Expected to find element: `.variations`, but never found it.",
                "estack": "AssertionError: Timed out retrying after 4000ms: Expected to find element: `.variations`, but never found it.\n    at get variations [as variations] (webpack:///./cypress/support/pages/productDetails.page.js:5:31)\n    at Context.eval (webpack:///./cypress/e2e/productsListTest.cy.js:20:27)",
                "diff": null
              },
              "uuid": "333111c7-903c-4ede-bf17-6a10eb9ddcd8",
              "parentUUID": "a3188ee6-7ce5-43a0-b19e-d6fbc9800163",
              "isHook": false,
              "skipped": false
            }
          ],
          "suites": [],
          "passes": [],
          "failures": [
            "333111c7-903c-4ede-bf17-6a10eb9ddcd8"
          ],
          "pending": [],
          "skipped": [],
          "duration": 35472,
          "root": false,
          "rootEmpty": false,
          "_timeout": 2000
        }
      ],
      "passes": [],
      "failures": [],
      "pending": [],
      "skipped": [],
      "duration": 0,
      "root": true,
      "rootEmpty": true,
      "_timeout": 2000
    }
  ],
  "meta": {
    "mocha": {
      "version": "7.0.1"
    },
    "mochawesome": {
      "options": {
        "quiet": false,
        "reportFilename": "mochawesome",
        "saveHtml": false,
        "saveJson": true,
        "consoleReporter": "spec",
        "useInlineDiffs": false,
        "code": true
      },
      "version": "7.1.3"
    },
    "marge": {
      "options": {
        "reportDir": "cypress/results",
        "overwrite": false,
        "html": false,
        "json": true
      },
      "version": "6.2.0"
    }
  }
}